Compiling the C compiler identification source file "CMakeCCompilerId.c" failed.
Compiler: /Applications/gcc-arm-none-eabi/bin/arm-none-eabi-gcc 
Build flags: 
Id flags:  

The output was:
1
/Applications/gcc-arm-none-eabi/bin/../lib/gcc/arm-none-eabi/5.4.1/../../../../arm-none-eabi/lib/libc.a(lib_a-exit.o): In function `exit':
exit.c:(.text.exit+0x2c): undefined reference to `_exit'
collect2: error: ld returned 1 exit status


Compiling the CXX compiler identification source file "CMakeCXXCompilerId.cpp" failed.
Compiler: /Applications/gcc-arm-none-eabi/bin/arm-none-eabi-g++ 
Build flags: 
Id flags:  

The output was:
Child killed


Compiling the CXX compiler identification source file "CMakeCXXCompilerId.cpp" failed.
Compiler: /Applications/gcc-arm-none-eabi/bin/arm-none-eabi-g++ 
Build flags: 
Id flags: -c 

The output was:
Child killed


Compiling the CXX compiler identification source file "CMakeCXXCompilerId.cpp" failed.
Compiler: /Applications/gcc-arm-none-eabi/bin/arm-none-eabi-g++ 
Build flags: 
Id flags: --c++ 

The output was:
Child killed


Compiling the CXX compiler identification source file "CMakeCXXCompilerId.cpp" failed.
Compiler: /Applications/gcc-arm-none-eabi/bin/arm-none-eabi-g++ 
Build flags: 
Id flags: --ec++ 

The output was:
Child killed


Compiling the CXX compiler identification source file "CMakeCXXCompilerId.cpp" failed.
Compiler: /Applications/gcc-arm-none-eabi/bin/arm-none-eabi-g++ 
Build flags: 
Id flags: --target=arm-arm-none-eabi;-mcpu=cortex-m3 

The output was:
Child killed


Compiling the CXX compiler identification source file "CMakeCXXCompilerId.cpp" failed.
Compiler: /Applications/gcc-arm-none-eabi/bin/arm-none-eabi-g++ 
Build flags: 
Id flags:  

The output was:
4
arm-none-eabi-g++: internal compiler error: Killed: 9 (program cc1plus)
Please submit a full bug report,
with preprocessed source if appropriate.
See <http://gcc.gnu.org/bugs.html> for instructions.


Compiling the CXX compiler identification source file "CMakeCXXCompilerId.cpp" failed.
Compiler: /Applications/gcc-arm-none-eabi/bin/arm-none-eabi-g++ 
Build flags: 
Id flags: -c 

The output was:
4
arm-none-eabi-g++: internal compiler error: Killed: 9 (program cc1plus)
Please submit a full bug report,
with preprocessed source if appropriate.
See <http://gcc.gnu.org/bugs.html> for instructions.


Compiling the CXX compiler identification source file "CMakeCXXCompilerId.cpp" failed.
Compiler: /Applications/gcc-arm-none-eabi/bin/arm-none-eabi-g++ 
Build flags: 
Id flags: --c++ 

The output was:
1
arm-none-eabi-g++: error: unrecognized command line option '--c++'


Compiling the CXX compiler identification source file "CMakeCXXCompilerId.cpp" failed.
Compiler: /Applications/gcc-arm-none-eabi/bin/arm-none-eabi-g++ 
Build flags: 
Id flags: --ec++ 

The output was:
1
arm-none-eabi-g++: error: unrecognized command line option '--ec++'


Compiling the CXX compiler identification source file "CMakeCXXCompilerId.cpp" failed.
Compiler: /Applications/gcc-arm-none-eabi/bin/arm-none-eabi-g++ 
Build flags: 
Id flags: --target=arm-arm-none-eabi;-mcpu=cortex-m3 

The output was:
1
cc1plus: warning: command line option '-ftarget=arm-arm-none-eabi' is valid for Java but not for C++
CMakeCXXCompilerId.cpp:1:0: error: target CPU does not support ARM mode
 /* This source file must have a .cpp extension so that all C++ compilers
 ^


Checking whether the CXX compiler is IAR using "" did not match "IAR .+ Compiler":
arm-none-eabi-g++: fatal error: no input files
compilation terminated.
Checking whether the CXX compiler is IAR using "" did not match "IAR .+ Compiler":
arm-none-eabi-g++: fatal error: no input files
compilation terminated.
